# JRE version: Java(TM) SE Runtime Environment (8.0_201-b09) (build 1.8.0_201-b09)
# Java VM: Java HotSpot(TM) 64-Bit Server VM (25.201-b09 mixed mode linux-amd64 compressed oops)
Heap:
 def new generation   total 126208K, used 12773K [0x00000000c0000000, 0x00000000c88f0000, 0x00000000d5550000)
  eden space 112192K,  11% used [0x00000000c0000000, 0x00000000c0c79510, 0x00000000c6d90000)
  from space 14016K,   0% used [0x00000000c6d90000, 0x00000000c6d90000, 0x00000000c7b40000)
  to   space 14016K,   0% used [0x00000000c7b40000, 0x00000000c7b40000, 0x00000000c88f0000)
 tenured generation   total 281452K, used 280943K [0x00000000d5550000, 0x00000000e682b000, 0x0000000100000000)
   the space 281452K,  99% used [0x00000000d5550000, 0x00000000e67abdc0, 0x00000000e67abe00, 0x00000000e682b000)
 Metaspace       used 74396K, capacity 75172K, committed 75416K, reserved 1114112K
  class space    used 10931K, capacity 11138K, committed 11184K, reserved 1048576K
GC Heap History (10 events):
Event: 126.188 GC heap after
Heap after GC invocations=154 (full 8):
 def new generation   total 126208K, used 2374K [0x00000000c0000000, 0x00000000c88f0000, 0x00000000d5550000)
  eden space 112192K,   0% used [0x00000000c0000000, 0x00000000c0000000, 0x00000000c6d90000)
  from space 14016K,  16% used [0x00000000c7b40000, 0x00000000c7d91940, 0x00000000c88f0000)
  to   space 14016K,   0% used [0x00000000c6d90000, 0x00000000c6d90000, 0x00000000c7b40000)
 tenured generation   total 280384K, used 238798K [0x00000000d5550000, 0x00000000e6720000, 0x0000000100000000)
   the space 280384K,  85% used [0x00000000d5550000, 0x00000000e3e83b50, 0x00000000e3e83c00, 0x00000000e6720000)
 Metaspace       used 74150K, capacity 74952K, committed 75160K, reserved 1114112K
  class space    used 10926K, capacity 11133K, committed 11184K, reserved 1048576K
}
Event: 232.904 GC heap before
{Heap before GC invocations=154 (full 8):
 def new generation   total 126208K, used 113861K [0x00000000c0000000, 0x00000000c88f0000, 0x00000000d5550000)
  eden space 112192K,  99% used [0x00000000c0000000, 0x00000000c6cdfe38, 0x00000000c6d90000)
  from space 14016K,  16% used [0x00000000c7b40000, 0x00000000c7d91940, 0x00000000c88f0000)
  to   space 14016K,   0% used [0x00000000c6d90000, 0x00000000c6d90000, 0x00000000c7b40000)
 tenured generation   total 280384K, used 238798K [0x00000000d5550000, 0x00000000e6720000, 0x0000000100000000)
   the space 280384K,  85% used [0x00000000d5550000, 0x00000000e3e83b50, 0x00000000e3e83c00, 0x00000000e6720000)
 Metaspace       used 74385K, capacity 75172K, committed 75416K, reserved 1114112K
  class space    used 10931K, capacity 11138K, committed 11184K, reserved 1048576K
Event: 232.924 GC heap after
Heap after GC invocations=155 (full 8):
 def new generation   total 126208K, used 6441K [0x00000000c0000000, 0x00000000c88f0000, 0x00000000d5550000)
  eden space 112192K,   0% used [0x00000000c0000000, 0x00000000c0000000, 0x00000000c6d90000)
  from space 14016K,  45% used [0x00000000c6d90000, 0x00000000c73da6a0, 0x00000000c7b40000)
  to   space 14016K,   0% used [0x00000000c7b40000, 0x00000000c7b40000, 0x00000000c88f0000)
 tenured generation   total 280384K, used 238798K [0x00000000d5550000, 0x00000000e6720000, 0x0000000100000000)
   the space 280384K,  85% used [0x00000000d5550000, 0x00000000e3e83b50, 0x00000000e3e83c00, 0x00000000e6720000)
 Metaspace       used 74385K, capacity 75172K, committed 75416K, reserved 1114112K
  class space    used 10931K, capacity 11138K, committed 11184K, reserved 1048576K
}
Event: 233.316 GC heap before
{Heap before GC invocations=155 (full 8):
 def new generation   total 126208K, used 118633K [0x00000000c0000000, 0x00000000c88f0000, 0x00000000d5550000)
  eden space 112192K, 100% used [0x00000000c0000000, 0x00000000c6d90000, 0x00000000c6d90000)
  from space 14016K,  45% used [0x00000000c6d90000, 0x00000000c73da6a0, 0x00000000c7b40000)
  to   space 14016K,   0% used [0x00000000c7b40000, 0x00000000c7b40000, 0x00000000c88f0000)
 tenured generation   total 280384K, used 238798K [0x00000000d5550000, 0x00000000e6720000, 0x0000000100000000)
   the space 280384K,  85% used [0x00000000d5550000, 0x00000000e3e83b50, 0x00000000e3e83c00, 0x00000000e6720000)
 Metaspace       used 74389K, capacity 75172K, committed 75416K, reserved 1114112K
  class space    used 10931K, capacity 11138K, committed 11184K, reserved 1048576K
Event: 233.340 GC heap after
Heap after GC invocations=156 (full 8):
 def new generation   total 126208K, used 14016K [0x00000000c0000000, 0x00000000c88f0000, 0x00000000d5550000)
  eden space 112192K,   0% used [0x00000000c0000000, 0x00000000c0000000, 0x00000000c6d90000)
  from space 14016K, 100% used [0x00000000c7b40000, 0x00000000c88f0000, 0x00000000c88f0000)
  to   space 14016K,   0% used [0x00000000c6d90000, 0x00000000c6d90000, 0x00000000c7b40000)
 tenured generation   total 280384K, used 242333K [0x00000000d5550000, 0x00000000e6720000, 0x0000000100000000)
   the space 280384K,  86% used [0x00000000d5550000, 0x00000000e41f7728, 0x00000000e41f7800, 0x00000000e6720000)
 Metaspace       used 74389K, capacity 75172K, committed 75416K, reserved 1114112K
  class space    used 10931K, capacity 11138K, committed 11184K, reserved 1048576K
}
Event: 233.665 GC heap before
{Heap before GC invocations=156 (full 8):
 def new generation   total 126208K, used 126208K [0x00000000c0000000, 0x00000000c88f0000, 0x00000000d5550000)
  eden space 112192K, 100% used [0x00000000c0000000, 0x00000000c6d90000, 0x00000000c6d90000)
  from space 14016K, 100% used [0x00000000c7b40000, 0x00000000c88f0000, 0x00000000c88f0000)
  to   space 14016K,   0% used [0x00000000c6d90000, 0x00000000c6d90000, 0x00000000c7b40000)
 tenured generation   total 280384K, used 242333K [0x00000000d5550000, 0x00000000e6720000, 0x0000000100000000)
   the space 280384K,  86% used [0x00000000d5550000, 0x00000000e41f7728, 0x00000000e41f7800, 0x00000000e6720000)
 Metaspace       used 74389K, capacity 75172K, committed 75416K, reserved 1114112K
  class space    used 10931K, capacity 11138K, committed 11184K, reserved 1048576K
Event: 233.683 GC heap after
Heap after GC invocations=157 (full 8):
 def new generation   total 126208K, used 12987K [0x00000000c0000000, 0x00000000c88f0000, 0x00000000d5550000)
  eden space 112192K,   0% used [0x00000000c0000000, 0x00000000c0000000, 0x00000000c6d90000)
  from space 14016K,  92% used [0x00000000c6d90000, 0x00000000c7a3edd0, 0x00000000c7b40000)
  to   space 14016K,   0% used [0x00000000c7b40000, 0x00000000c7b40000, 0x00000000c88f0000)
 tenured generation   total 280384K, used 256849K [0x00000000d5550000, 0x00000000e6720000, 0x0000000100000000)
   the space 280384K,  91% used [0x00000000d5550000, 0x00000000e5024530, 0x00000000e5024600, 0x00000000e6720000)
 Metaspace       used 74389K, capacity 75172K, committed 75416K, reserved 1114112K
  class space    used 10931K, capacity 11138K, committed 11184K, reserved 1048576K
}
Event: 233.888 GC heap before
{Heap before GC invocations=157 (full 8):
 def new generation   total 126208K, used 124884K [0x00000000c0000000, 0x00000000c88f0000, 0x00000000d5550000)
  eden space 112192K,  99% used [0x00000000c0000000, 0x00000000c6d46360, 0x00000000c6d90000)
  from space 14016K,  92% used [0x00000000c6d90000, 0x00000000c7a3edd0, 0x00000000c7b40000)
  to   space 14016K,   0% used [0x00000000c7b40000, 0x00000000c7b40000, 0x00000000c88f0000)
 tenured generation   total 280384K, used 256849K [0x00000000d5550000, 0x00000000e6720000, 0x0000000100000000)
   the space 280384K,  91% used [0x00000000d5550000, 0x00000000e5024530, 0x00000000e5024600, 0x00000000e6720000)
 Metaspace       used 74389K, capacity 75172K, committed 75416K, reserved 1114112K
  class space    used 10931K, capacity 11138K, committed 11184K, reserved 1048576K
Event: 233.913 GC heap after
Heap after GC invocations=158 (full 8):
 def new generation   total 126208K, used 14015K [0x00000000c0000000, 0x00000000c88f0000, 0x00000000d5550000)
  eden space 112192K,   0% used [0x00000000c0000000, 0x00000000c0000000, 0x00000000c6d90000)
  from space 14016K,  99% used [0x00000000c7b40000, 0x00000000c88efff8, 0x00000000c88f0000)
  to   space 14016K,   0% used [0x00000000c6d90000, 0x00000000c6d90000, 0x00000000c7b40000)
 tenured generation   total 280384K, used 267598K [0x00000000d5550000, 0x00000000e6720000, 0x0000000100000000)
   the space 280384K,  95% used [0x00000000d5550000, 0x00000000e5aa3b40, 0x00000000e5aa3c00, 0x00000000e6720000)
 Metaspace       used 74389K, capacity 75172K, committed 75416K, reserved 1114112K
  class space    used 10931K, capacity 11138K, committed 11184K, reserved 1048576K
}
Event: 234.375 GC heap before
{Heap before GC invocations=158 (full 8):
 def new generation   total 126208K, used 126207K [0x00000000c0000000, 0x00000000c88f0000, 0x00000000d5550000)
  eden space 112192K, 100% used [0x00000000c0000000, 0x00000000c6d90000, 0x00000000c6d90000)
  from space 14016K,  99% used [0x00000000c7b40000, 0x00000000c88efff8, 0x00000000c88f0000)
  to   space 14016K,   0% used [0x00000000c6d90000, 0x00000000c6d90000, 0x00000000c7b40000)
 tenured generation   total 280384K, used 267598K [0x00000000d5550000, 0x00000000e6720000, 0x0000000100000000)
   the space 280384K,  95% used [0x00000000d5550000, 0x00000000e5aa3b40, 0x00000000e5aa3c00, 0x00000000e6720000)
 Metaspace       used 74396K, capacity 75172K, committed 75416K, reserved 1114112K
  class space    used 10931K, capacity 11138K, committed 11184K, reserved 1048576K

